[2016-11-15 22:19:24.311] [INFO] pomelo - [32m[/Users/son/Develop/game/game-server/node_modules/pomelo/lib/application.js] [39mapplication inited: "connector-server-1"
[2016-11-15 22:19:24.540] [INFO] pomelo - [32m[/Users/son/Develop/game/game-server/node_modules/pomelo/lib/application.js] [39m"connector-server-1" enter after start...
[2016-11-15 22:19:24.543] [INFO] pomelo - [32m[/Users/son/Develop/game/game-server/node_modules/pomelo/lib/application.js] [39m"connector-server-1" finish start
[2016-11-15 22:19:24.544] [INFO] pomelo - [32m[/Users/son/Develop/game/game-server/node_modules/pomelo/lib/application.js] [39m"connector-server-1" startup in 182 ms
[2016-11-15 22:20:56.874] [INFO] pomelo - [32m[/Users/son/Develop/game/game-server/node_modules/pomelo/lib/application.js] [39mapplication inited: "connector-server-1"
[2016-11-15 22:20:57.105] [INFO] pomelo - [32m[/Users/son/Develop/game/game-server/node_modules/pomelo/lib/application.js] [39m"connector-server-1" enter after start...
[2016-11-15 22:20:57.108] [INFO] pomelo - [32m[/Users/son/Develop/game/game-server/node_modules/pomelo/lib/application.js] [39m"connector-server-1" finish start
[2016-11-15 22:20:57.109] [INFO] pomelo - [32m[/Users/son/Develop/game/game-server/node_modules/pomelo/lib/application.js] [39m"connector-server-1" startup in 181 ms
[2016-11-15 22:21:03.171] [DEBUG] pomelo - [36m[/Users/son/Develop/game/game-server/node_modules/pomelo/lib/components/connector.js] [39m[connector-server-1] getSession session is created with session id: 1
[2016-11-15 22:21:03.175] [DEBUG] pomelo - [36m[/Users/son/Develop/game/game-server/node_modules/pomelo/lib/components/connector.js] [39m[connector-server-1] handleMessage session id: 1, msg: {"id":2,"route":"connector.entryHandler.entry","body":"hello pomelo"}
[2016-11-15 22:21:03.182] [DEBUG] pomelo - [36m[/Users/son/Develop/game/game-server/node_modules/pomelo/lib/components/connector.js] [39m[connector-server-1] send message reqId: 2, route: connector.entryHandler.entry, msg: {"code":200,"msg":"game server is ok."}, receivers: [1], opts: {"type":"response","userOptions":{},"isResponse":true}
[2016-11-15 22:31:20.815] [DEBUG] pomelo - [36m[/Users/son/Develop/game/game-server/node_modules/pomelo/lib/common/service/sessionService.js] [39msession on [connector-server-1] is closed with session id: 1
[2016-11-15 22:31:31.087] [DEBUG] pomelo - [36m[/Users/son/Develop/game/game-server/node_modules/pomelo/lib/components/connector.js] [39m[connector-server-1] getSession session is created with session id: 2
[2016-11-15 22:31:31.091] [DEBUG] pomelo - [36m[/Users/son/Develop/game/game-server/node_modules/pomelo/lib/components/connector.js] [39m[connector-server-1] handleMessage session id: 2, msg: {"id":2,"route":"connector.entryHandler.entry","body":"hello pomelo"}
[2016-11-15 22:31:31.093] [DEBUG] pomelo - [36m[/Users/son/Develop/game/game-server/node_modules/pomelo/lib/components/connector.js] [39m[connector-server-1] send message reqId: 2, route: connector.entryHandler.entry, msg: {"code":200,"msg":"game server is ok."}, receivers: [2], opts: {"type":"response","userOptions":{},"isResponse":true}
[2016-11-15 22:33:01.715] [DEBUG] pomelo - [36m[/Users/son/Develop/game/game-server/node_modules/pomelo/lib/common/service/sessionService.js] [39msession on [connector-server-1] is closed with session id: 2
[2016-11-15 22:33:08.430] [DEBUG] pomelo - [36m[/Users/son/Develop/game/game-server/node_modules/pomelo/lib/components/connector.js] [39m[connector-server-1] getSession session is created with session id: 3
[2016-11-15 22:33:08.433] [DEBUG] pomelo - [36m[/Users/son/Develop/game/game-server/node_modules/pomelo/lib/components/connector.js] [39m[connector-server-1] handleMessage session id: 3, msg: {"id":2,"route":"connector.entryHandler.entry","body":"hello pomelo"}
[2016-11-15 22:33:08.433] [DEBUG] pomelo - [36m[/Users/son/Develop/game/game-server/node_modules/pomelo/lib/components/connector.js] [39m[connector-server-1] send message reqId: 2, route: connector.entryHandler.entry, msg: {"code":200,"msg":"game server is ok."}, receivers: [3], opts: {"type":"response","userOptions":{},"isResponse":true}
[2016-11-15 22:33:26.965] [DEBUG] pomelo - [36m[/Users/son/Develop/game/game-server/node_modules/pomelo/lib/components/connector.js] [39m[connector-server-1] getSession session is created with session id: 4
[2016-11-15 22:33:26.967] [DEBUG] pomelo - [36m[/Users/son/Develop/game/game-server/node_modules/pomelo/lib/components/connector.js] [39m[connector-server-1] handleMessage session id: 4, msg: {"id":3,"route":"connector.entryHandler.entry","body":"hello pomelo"}
[2016-11-15 22:33:26.969] [DEBUG] pomelo - [36m[/Users/son/Develop/game/game-server/node_modules/pomelo/lib/components/connector.js] [39m[connector-server-1] send message reqId: 3, route: connector.entryHandler.entry, msg: {"code":200,"msg":"game server is ok."}, receivers: [4], opts: {"type":"response","userOptions":{},"isResponse":true}
[2016-11-15 22:43:56.225] [INFO] pomelo - [32m[/Users/son/Develop/game/game-server/node_modules/pomelo/lib/application.js] [39mapplication inited: "connector-server-1"
[2016-11-15 22:43:56.501] [INFO] pomelo - [32m[/Users/son/Develop/game/game-server/node_modules/pomelo/lib/application.js] [39m"connector-server-1" enter after start...
[2016-11-15 22:43:56.508] [INFO] pomelo - [32m[/Users/son/Develop/game/game-server/node_modules/pomelo/lib/application.js] [39m"connector-server-1" finish start
[2016-11-15 22:43:56.509] [INFO] pomelo - [32m[/Users/son/Develop/game/game-server/node_modules/pomelo/lib/application.js] [39m"connector-server-1" startup in 216 ms
[2016-11-15 22:50:16.415] [INFO] pomelo - [32m[/Users/son/Develop/game/game-server/node_modules/pomelo/lib/application.js] [39mapplication inited: "connector-server-1"
[2016-11-15 22:50:16.677] [INFO] pomelo - [32m[/Users/son/Develop/game/game-server/node_modules/pomelo/lib/application.js] [39m"connector-server-1" enter after start...
[2016-11-15 22:50:16.684] [INFO] pomelo - [32m[/Users/son/Develop/game/game-server/node_modules/pomelo/lib/application.js] [39m"connector-server-1" finish start
[2016-11-15 22:50:16.684] [INFO] pomelo - [32m[/Users/son/Develop/game/game-server/node_modules/pomelo/lib/application.js] [39m"connector-server-1" startup in 201 ms
[2016-11-15 22:53:41.808] [INFO] pomelo - [32m[/Users/son/Develop/game/game-server/node_modules/pomelo/lib/application.js] [39mapplication inited: "connector-server-1"
[2016-11-15 22:53:42.066] [INFO] pomelo - [32m[/Users/son/Develop/game/game-server/node_modules/pomelo/lib/application.js] [39m"connector-server-1" enter after start...
[2016-11-15 22:53:42.069] [INFO] pomelo - [32m[/Users/son/Develop/game/game-server/node_modules/pomelo/lib/application.js] [39m"connector-server-1" finish start
[2016-11-15 22:53:42.070] [INFO] pomelo - [32m[/Users/son/Develop/game/game-server/node_modules/pomelo/lib/application.js] [39m"connector-server-1" startup in 201 ms
[2016-11-15 22:53:42.084] [DEBUG] pomelo - [36m[/Users/son/Develop/game/game-server/node_modules/pomelo/lib/modules/monitorwatcher.js] [39m[connector-server-1] receive addServer signal: {"action":"addServer","server":{"main":"/Users/son/Develop/game/game-server/app.js","env":"development","id":"gate-server-1","host":"127.0.0.1","clientPort":3014,"frontend":"true","serverType":"gate","pid":2571}}
[2016-11-15 22:58:23.770] [INFO] pomelo - [32m[/Users/son/Develop/game/game-server/node_modules/pomelo/lib/application.js] [39mapplication inited: "connector-server-1"
[2016-11-15 22:58:24.050] [INFO] pomelo - [32m[/Users/son/Develop/game/game-server/node_modules/pomelo/lib/application.js] [39m"connector-server-1" enter after start...
[2016-11-15 22:58:24.055] [INFO] pomelo - [32m[/Users/son/Develop/game/game-server/node_modules/pomelo/lib/application.js] [39m"connector-server-1" finish start
[2016-11-15 22:58:24.055] [INFO] pomelo - [32m[/Users/son/Develop/game/game-server/node_modules/pomelo/lib/application.js] [39m"connector-server-1" startup in 210 ms
[2016-11-15 22:58:24.082] [DEBUG] pomelo - [36m[/Users/son/Develop/game/game-server/node_modules/pomelo/lib/modules/monitorwatcher.js] [39m[connector-server-1] receive addServer signal: {"action":"addServer","server":{"main":"/Users/son/Develop/game/game-server/app.js","env":"development","id":"gate-server-1","host":"127.0.0.1","clientPort":3014,"frontend":"true","serverType":"gate","pid":2597}}
[2016-11-15 23:29:18.871] [INFO] pomelo - [32m[/Users/son/Develop/game/game-server/node_modules/pomelo/lib/application.js] [39mapplication inited: "connector-server-1"
[2016-11-15 23:29:19.147] [INFO] pomelo - [32m[/Users/son/Develop/game/game-server/node_modules/pomelo/lib/application.js] [39m"connector-server-1" enter after start...
[2016-11-15 23:29:19.150] [INFO] pomelo - [32m[/Users/son/Develop/game/game-server/node_modules/pomelo/lib/application.js] [39m"connector-server-1" finish start
[2016-11-15 23:29:19.150] [INFO] pomelo - [32m[/Users/son/Develop/game/game-server/node_modules/pomelo/lib/application.js] [39m"connector-server-1" startup in 211 ms
[2016-11-15 23:29:19.170] [DEBUG] pomelo - [36m[/Users/son/Develop/game/game-server/node_modules/pomelo/lib/modules/monitorwatcher.js] [39m[connector-server-1] receive addServer signal: {"action":"addServer","server":{"main":"/Users/son/Develop/game/game-server/app.js","env":"development","id":"gate-server-1","host":"127.0.0.1","clientPort":3014,"frontend":"true","serverType":"gate","pid":2667}}
[2016-11-15 23:36:53.900] [INFO] pomelo - [32m[/Users/son/Develop/game/game-server/node_modules/pomelo/lib/application.js] [39mapplication inited: "connector-server-1"
[2016-11-15 23:36:54.189] [INFO] pomelo - [32m[/Users/son/Develop/game/game-server/node_modules/pomelo/lib/application.js] [39m"connector-server-1" enter after start...
[2016-11-15 23:36:54.192] [INFO] pomelo - [32m[/Users/son/Develop/game/game-server/node_modules/pomelo/lib/application.js] [39m"connector-server-1" finish start
[2016-11-15 23:36:54.193] [INFO] pomelo - [32m[/Users/son/Develop/game/game-server/node_modules/pomelo/lib/application.js] [39m"connector-server-1" startup in 217 ms
[2016-11-15 23:36:54.195] [DEBUG] pomelo - [36m[/Users/son/Develop/game/game-server/node_modules/pomelo/lib/modules/monitorwatcher.js] [39m[connector-server-1] receive addServer signal: {"action":"addServer","server":{"main":"/Users/son/Develop/game/game-server/app.js","env":"development","id":"gate-server-1","host":"127.0.0.1","clientPort":3014,"frontend":"true","serverType":"gate","pid":2684}}
